빌드 시작: 2017-12-26 오전 12:28:14
     1>2 노드의 "D:\SYSTEMW7\Desktop\C++\프로젝트\프로젝트\프로젝트.vcxproj" 프로젝트(build 대상)입니다.
     1>InitializeBuildStatus:
         "AlwaysCreate"이(가) 지정되었기 때문에 "Debug\프로젝트.unsuccessfulbuild"을(를) 만들고 있습니다.
       ClCompile:
         C:\Program Files\Microsoft Visual Studio 10.0\VC\bin\CL.exe /c /ZI /nologo /W3 /WX- /Od /Oy- /D _UNICODE /D UNICODE /Gm /EHsc /RTC1 /MDd /GS /fp:precise /Zc:wchar_t /Zc:forScope /Fo"Debug\\" /Fd"Debug\vc100.pdb" /Gd /TP /analyze- /errorReport:prompt BankingSystem.cpp
         BankingSystem.cpp
     1>d:\systemw7\desktop\c++\프로젝트\프로젝트\bankingsystem.cpp(25): warning C4996: 'strcpy': This function or variable may be unsafe. Consider using strcpy_s instead. To disable deprecation, use _CRT_SECURE_NO_WARNINGS. See online help for details.
                 c:\program files\microsoft visual studio 10.0\vc\include\string.h(105) : 'strcpy' 선언을 참조하십시오.
       Link:
         C:\Program Files\Microsoft Visual Studio 10.0\VC\bin\link.exe /ERRORREPORT:PROMPT /OUT:"D:\SYSTEMW7\Desktop\C++\프로젝트\Debug\프로젝트.exe" /NOLOGO kernel32.lib user32.lib gdi32.lib winspool.lib comdlg32.lib advapi32.lib shell32.lib ole32.lib oleaut32.lib uuid.lib odbc32.lib odbccp32.lib /MANIFEST /ManifestFile:"Debug\프로젝트.exe.intermediate.manifest" /MANIFESTUAC:"level='asInvoker' uiAccess='false'" /DEBUG /PDB:"D:\SYSTEMW7\Desktop\C++\프로젝트\Debug\프로젝트.pdb" /TLBID:1 /DYNAMICBASE /NXCOMPAT /IMPLIB:"D:\SYSTEMW7\Desktop\C++\프로젝트\Debug\프로젝트.lib" /MACHINE:X86 Debug\BankingSystem.obj
         LINK : D:\SYSTEMW7\Desktop\C++\프로젝트\Debug\프로젝트.exe을(를) 찾을 수 없거나 마지막 증분 링크에 의해 빌드되지 않았습니다. 전체 링크를 수행하고 있습니다.
         프로젝트.vcxproj -> D:\SYSTEMW7\Desktop\C++\프로젝트\Debug\프로젝트.exe
       Manifest:
         C:\Program Files\Microsoft SDKs\Windows\v7.0A\bin\mt.exe /nologo /verbose /outputresource:"D:\SYSTEMW7\Desktop\C++\프로젝트\Debug\프로젝트.exe;#1" /manifest "Debug\프로젝트.exe.intermediate.manifest"
       FinalizeBuildStatus:
         "Debug\프로젝트.unsuccessfulbuild" 파일을 삭제하고 있습니다.
         "Debug\프로젝트.lastbuildstate"에 연결(touching)하고 있습니다.
     1>"D:\SYSTEMW7\Desktop\C++\프로젝트\프로젝트\프로젝트.vcxproj" 프로젝트를 빌드했습니다(build 대상).

빌드했습니다.

경과 시간: 00:00:02.32
